<?xml version="1.0" encoding="UTF-8"?>
<!-- Generated by org.testng.reporters.JUnitReportReporter -->
<testsuite hostname="Vamshis-Air.lan" failures="0" tests="1" name="carTest.CarNumberPlateComparisonTest" time="51.532" errors="0" timestamp="2024-11-24T00:17:37 GMT" skipped="0">
  <testcase classname="carTest.CarNumberPlateComparisonTest" name="sort_test" time="51.532"/>
  <system-out/>
</testsuite> <!-- carTest.CarNumberPlateComparisonTest -->
