<?xml version="1.0" encoding="UTF-8"?>
<!-- Generated by org.testng.reporters.JUnitReportReporter -->
<testsuite hostname="VAMSHIs-MBP.lan" failures="0" tests="1" name="demo.MyTestScript_Inheritance" time="7.529" errors="0" timestamp="2022-10-28T20:11:08 BST" skipped="0">
  <testcase classname="demo.MyTestScript_Inheritance" name="test_my1" time="7.529"/>
  <system-out/>
</testsuite> <!-- demo.MyTestScript_Inheritance -->
