<?xml version="1.0" encoding="UTF-8"?>
<!-- Generated by org.testng.reporters.JUnitReportReporter -->
<testsuite hostname="Vamshis-Air.lan" failures="0" tests="1" name="carTest.CarNumberPlateComparisonTest_FINAL" time="52.535" errors="0" timestamp="2024-11-23T23:55:39 GMT" skipped="0">
  <testcase classname="carTest.CarNumberPlateComparisonTest_FINAL" name="sort_test" time="52.535"/>
  <system-out/>
</testsuite> <!-- carTest.CarNumberPlateComparisonTest_FINAL -->
