<?xml version="1.0" encoding="UTF-8"?>
<!-- Generated by org.testng.reporters.JUnitReportReporter -->
<testsuite hostname="VAMSHIs-MBP.lan" failures="0" tests="1" name="demo.MyTestScript" time="5.721" errors="0" timestamp="2022-10-16T21:00:23 BST" skipped="0">
  <testcase classname="demo.MyTestScript" name="test_my1" time="5.721"/>
  <system-out/>
</testsuite> <!-- demo.MyTestScript -->
