<?xml version="1.0" encoding="UTF-8"?>
<!-- Generated by org.testng.reporters.JUnitReportReporter -->
<testsuite hostname="VAMSHIs-MBP.lan" failures="0" tests="1" name="demo.BrowserTest" time="2.145" errors="0" timestamp="2022-10-28T20:10:50 BST" skipped="0">
  <testcase classname="demo.BrowserTest" name="getDriver" time="2.145"/>
  <system-out/>
</testsuite> <!-- demo.BrowserTest -->
